[0.012s] Invoking command in '/home/void/ros2-gazebo-simulation-tutorial-series/ros2_ws/build/amr_description': CMAKE_PREFIX_PATH=${CMAKE_PREFIX_PATH}:/opt/ros/jazzy DEBUGINFOD_URLS=https://debuginfod.ubuntu.com /usr/bin/cmake --build /home/void/ros2-gazebo-simulation-tutorial-series/ros2_ws/build/amr_description -- -j14 -l14
[0.082s] Invoked command in '/home/void/ros2-gazebo-simulation-tutorial-series/ros2_ws/build/amr_description' returned '0': CMAKE_PREFIX_PATH=${CMAKE_PREFIX_PATH}:/opt/ros/jazzy DEBUGINFOD_URLS=https://debuginfod.ubuntu.com /usr/bin/cmake --build /home/void/ros2-gazebo-simulation-tutorial-series/ros2_ws/build/amr_description -- -j14 -l14
[0.099s] Invoking command in '/home/void/ros2-gazebo-simulation-tutorial-series/ros2_ws/build/amr_description': CMAKE_PREFIX_PATH=${CMAKE_PREFIX_PATH}:/opt/ros/jazzy DEBUGINFOD_URLS=https://debuginfod.ubuntu.com /usr/bin/cmake --install /home/void/ros2-gazebo-simulation-tutorial-series/ros2_ws/build/amr_description
[0.119s] -- Install configuration: ""
[0.119s] -- Up-to-date: /home/void/ros2-gazebo-simulation-tutorial-series/ros2_ws/install/amr_description/share/ament_index/resource_index/package_run_dependencies/amr_description
[0.120s] -- Up-to-date: /home/void/ros2-gazebo-simulation-tutorial-series/ros2_ws/install/amr_description/share/ament_index/resource_index/parent_prefix_path/amr_description
[0.120s] -- Up-to-date: /home/void/ros2-gazebo-simulation-tutorial-series/ros2_ws/install/amr_description/share/amr_description/environment/ament_prefix_path.sh
[0.120s] -- Up-to-date: /home/void/ros2-gazebo-simulation-tutorial-series/ros2_ws/install/amr_description/share/amr_description/environment/ament_prefix_path.dsv
[0.120s] -- Up-to-date: /home/void/ros2-gazebo-simulation-tutorial-series/ros2_ws/install/amr_description/share/amr_description/environment/path.sh
[0.120s] -- Up-to-date: /home/void/ros2-gazebo-simulation-tutorial-series/ros2_ws/install/amr_description/share/amr_description/environment/path.dsv
[0.120s] -- Up-to-date: /home/void/ros2-gazebo-simulation-tutorial-series/ros2_ws/install/amr_description/share/amr_description/local_setup.bash
[0.121s] -- Up-to-date: /home/void/ros2-gazebo-simulation-tutorial-series/ros2_ws/install/amr_description/share/amr_description/local_setup.sh
[0.121s] -- Up-to-date: /home/void/ros2-gazebo-simulation-tutorial-series/ros2_ws/install/amr_description/share/amr_description/local_setup.zsh
[0.121s] -- Up-to-date: /home/void/ros2-gazebo-simulation-tutorial-series/ros2_ws/install/amr_description/share/amr_description/local_setup.dsv
[0.121s] -- Up-to-date: /home/void/ros2-gazebo-simulation-tutorial-series/ros2_ws/install/amr_description/share/amr_description/package.dsv
[0.121s] -- Up-to-date: /home/void/ros2-gazebo-simulation-tutorial-series/ros2_ws/install/amr_description/share/ament_index/resource_index/packages/amr_description
[0.121s] -- Up-to-date: /home/void/ros2-gazebo-simulation-tutorial-series/ros2_ws/install/amr_description/share/amr_description/cmake/amr_descriptionConfig.cmake
[0.121s] -- Up-to-date: /home/void/ros2-gazebo-simulation-tutorial-series/ros2_ws/install/amr_description/share/amr_description/cmake/amr_descriptionConfig-version.cmake
[0.121s] -- Up-to-date: /home/void/ros2-gazebo-simulation-tutorial-series/ros2_ws/install/amr_description/share/amr_description/package.xml
[0.122s] Invoked command in '/home/void/ros2-gazebo-simulation-tutorial-series/ros2_ws/build/amr_description' returned '0': CMAKE_PREFIX_PATH=${CMAKE_PREFIX_PATH}:/opt/ros/jazzy DEBUGINFOD_URLS=https://debuginfod.ubuntu.com /usr/bin/cmake --install /home/void/ros2-gazebo-simulation-tutorial-series/ros2_ws/build/amr_description
