[0.014s] Invoking command in '/home/sam/amr-simulation/ros2_ws/build/amr_description': CMAKE_PREFIX_PATH=${CMAKE_PREFIX_PATH}:/opt/ros/jazzy DEBUGINFOD_URLS=https://debuginfod.ubuntu.com /usr/bin/cmake /home/sam/amr-simulation/ros2_ws/src/amr_description -DCMAKE_INSTALL_PREFIX=/home/sam/amr-simulation/ros2_ws/install/amr_description
[0.242s] -- The C compiler identification is GNU 13.3.0
[0.415s] -- The CXX compiler identification is GNU 13.3.0
[0.458s] -- Detecting C compiler ABI info
[0.640s] -- Detecting C compiler ABI info - done
[0.657s] -- Check for working C compiler: /usr/bin/cc - skipped
[0.658s] -- Detecting C compile features
[0.659s] -- Detecting C compile features - done
[0.677s] -- Detecting CXX compiler ABI info
[0.848s] -- Detecting CXX compiler ABI info - done
[0.866s] -- Check for working CXX compiler: /usr/bin/c++ - skipped
[0.867s] -- Detecting CXX compile features
[0.868s] -- Detecting CXX compile features - done
[0.886s] -- Found ament_cmake: 2.5.6 (/opt/ros/jazzy/share/ament_cmake/cmake)
[1.132s] -- Found Python3: /usr/bin/python3 (found version "3.12.3") found components: Interpreter 
[1.395s] -- Found ament_lint_auto: 0.17.5 (/opt/ros/jazzy/share/ament_lint_auto/cmake)
[1.587s] -- Added test 'flake8' to check Python code syntax and style conventions
[1.587s] -- Configured 'flake8' exclude dirs and/or files: 
[1.589s] -- Added test 'lint_cmake' to check CMake code style
[1.590s] -- Added test 'pep257' to check Python code against some of the docstring style conventions in PEP 257
[1.592s] -- Added test 'xmllint' to check XML markup files
[1.595s] -- Configuring done (1.5s)
[1.600s] -- Generating done (0.0s)
[1.604s] -- Build files have been written to: /home/sam/amr-simulation/ros2_ws/build/amr_description
[1.612s] Invoked command in '/home/sam/amr-simulation/ros2_ws/build/amr_description' returned '0': CMAKE_PREFIX_PATH=${CMAKE_PREFIX_PATH}:/opt/ros/jazzy DEBUGINFOD_URLS=https://debuginfod.ubuntu.com /usr/bin/cmake /home/sam/amr-simulation/ros2_ws/src/amr_description -DCMAKE_INSTALL_PREFIX=/home/sam/amr-simulation/ros2_ws/install/amr_description
[1.617s] Invoking command in '/home/sam/amr-simulation/ros2_ws/build/amr_description': CMAKE_PREFIX_PATH=${CMAKE_PREFIX_PATH}:/opt/ros/jazzy DEBUGINFOD_URLS=https://debuginfod.ubuntu.com /usr/bin/cmake --build /home/sam/amr-simulation/ros2_ws/build/amr_description -- -j14 -l14
[1.681s] Invoked command in '/home/sam/amr-simulation/ros2_ws/build/amr_description' returned '0': CMAKE_PREFIX_PATH=${CMAKE_PREFIX_PATH}:/opt/ros/jazzy DEBUGINFOD_URLS=https://debuginfod.ubuntu.com /usr/bin/cmake --build /home/sam/amr-simulation/ros2_ws/build/amr_description -- -j14 -l14
[1.700s] Invoking command in '/home/sam/amr-simulation/ros2_ws/build/amr_description': CMAKE_PREFIX_PATH=${CMAKE_PREFIX_PATH}:/opt/ros/jazzy DEBUGINFOD_URLS=https://debuginfod.ubuntu.com /usr/bin/cmake --install /home/sam/amr-simulation/ros2_ws/build/amr_description
[1.719s] -- Install configuration: ""
[1.720s] -- Installing: /home/sam/amr-simulation/ros2_ws/install/amr_description/share/ament_index/resource_index/package_run_dependencies/amr_description
[1.720s] -- Installing: /home/sam/amr-simulation/ros2_ws/install/amr_description/share/ament_index/resource_index/parent_prefix_path/amr_description
[1.721s] -- Installing: /home/sam/amr-simulation/ros2_ws/install/amr_description/share/amr_description/environment/ament_prefix_path.sh
[1.721s] -- Installing: /home/sam/amr-simulation/ros2_ws/install/amr_description/share/amr_description/environment/ament_prefix_path.dsv
[1.721s] -- Installing: /home/sam/amr-simulation/ros2_ws/install/amr_description/share/amr_description/environment/path.sh
[1.721s] -- Installing: /home/sam/amr-simulation/ros2_ws/install/amr_description/share/amr_description/environment/path.dsv
[1.722s] -- Installing: /home/sam/amr-simulation/ros2_ws/install/amr_description/share/amr_description/local_setup.bash
[1.722s] -- Installing: /home/sam/amr-simulation/ros2_ws/install/amr_description/share/amr_description/local_setup.sh
[1.722s] -- Installing: /home/sam/amr-simulation/ros2_ws/install/amr_description/share/amr_description/local_setup.zsh
[1.722s] -- Installing: /home/sam/amr-simulation/ros2_ws/install/amr_description/share/amr_description/local_setup.dsv
[1.722s] -- Installing: /home/sam/amr-simulation/ros2_ws/install/amr_description/share/amr_description/package.dsv
[1.722s] -- Installing: /home/sam/amr-simulation/ros2_ws/install/amr_description/share/ament_index/resource_index/packages/amr_description
[1.723s] -- Installing: /home/sam/amr-simulation/ros2_ws/install/amr_description/share/amr_description/cmake/amr_descriptionConfig.cmake
[1.723s] -- Installing: /home/sam/amr-simulation/ros2_ws/install/amr_description/share/amr_description/cmake/amr_descriptionConfig-version.cmake
[1.723s] -- Installing: /home/sam/amr-simulation/ros2_ws/install/amr_description/share/amr_description/package.xml
[1.723s] -- Installing: /home/sam/amr-simulation/ros2_ws/install/amr_description/share/amr_description/launch
[1.723s] -- Installing: /home/sam/amr-simulation/ros2_ws/install/amr_description/share/amr_description/launch/display.launch.py
[1.723s] -- Installing: /home/sam/amr-simulation/ros2_ws/install/amr_description/share/amr_description/urdf
[1.723s] -- Installing: /home/sam/amr-simulation/ros2_ws/install/amr_description/share/amr_description/urdf/amr.xacro
[1.723s] -- Installing: /home/sam/amr-simulation/ros2_ws/install/amr_description/share/amr_description/urdf/gazebo.xacro
[1.724s] -- Installing: /home/sam/amr-simulation/ros2_ws/install/amr_description/share/amr_description/urdf/amr.urdf
[1.724s] -- Installing: /home/sam/amr-simulation/ros2_ws/install/amr_description/share/amr_description/urdf/materials.xacro
[1.724s] -- Installing: /home/sam/amr-simulation/ros2_ws/install/amr_description/share/amr_description/meshes
[1.724s] -- Installing: /home/sam/amr-simulation/ros2_ws/install/amr_description/share/amr_description/meshes/r_wheel_link_2.stl
[1.724s] -- Installing: /home/sam/amr-simulation/ros2_ws/install/amr_description/share/amr_description/meshes/r_wheel_link_1.stl
[1.724s] -- Installing: /home/sam/amr-simulation/ros2_ws/install/amr_description/share/amr_description/meshes/l_wheel_link_2.stl
[1.725s] -- Installing: /home/sam/amr-simulation/ros2_ws/install/amr_description/share/amr_description/meshes/l_wheel_link_1.stl
[1.725s] -- Installing: /home/sam/amr-simulation/ros2_ws/install/amr_description/share/amr_description/meshes/base_link.stl
[1.729s] Invoked command in '/home/sam/amr-simulation/ros2_ws/build/amr_description' returned '0': CMAKE_PREFIX_PATH=${CMAKE_PREFIX_PATH}:/opt/ros/jazzy DEBUGINFOD_URLS=https://debuginfod.ubuntu.com /usr/bin/cmake --install /home/sam/amr-simulation/ros2_ws/build/amr_description
