[0.010s] Invoking command in '/home/void/ros2-gazebo-simulation-tutorial-series/ros2_ws/build/amr_description': CMAKE_PREFIX_PATH=${CMAKE_PREFIX_PATH}:/opt/ros/jazzy DEBUGINFOD_URLS=https://debuginfod.ubuntu.com /usr/bin/cmake /home/void/ros2-gazebo-simulation-tutorial-series/ros2_ws/src/amr_description -DCMAKE_INSTALL_PREFIX=/home/void/ros2-gazebo-simulation-tutorial-series/ros2_ws/install/amr_description
[0.089s] -- The C compiler identification is GNU 13.3.0
[0.173s] -- The CXX compiler identification is GNU 13.3.0
[0.193s] -- Detecting C compiler ABI info
[0.334s] -- Detecting C compiler ABI info - done
[0.345s] -- Check for working C compiler: /usr/bin/cc - skipped
[0.346s] -- Detecting C compile features
[0.346s] -- Detecting C compile features - done
[0.360s] -- Detecting CXX compiler ABI info
[0.537s] -- Detecting CXX compiler ABI info - done
[0.547s] -- Check for working CXX compiler: /usr/bin/c++ - skipped
[0.547s] -- Detecting CXX compile features
[0.548s] -- Detecting CXX compile features - done
[0.553s] -- Found ament_cmake: 2.5.6 (/opt/ros/jazzy/share/ament_cmake/cmake)
[0.748s] -- Found Python3: /usr/bin/python3 (found version "3.12.3") found components: Interpreter 
[0.875s] -- Found ament_lint_auto: 0.17.5 (/opt/ros/jazzy/share/ament_lint_auto/cmake)
[1.020s] -- Added test 'lint_cmake' to check CMake code style
[1.021s] -- Added test 'xmllint' to check XML markup files
[1.023s] -- Configuring done (1.0s)
[1.026s] -- Generating done (0.0s)
[1.028s] -- Build files have been written to: /home/void/ros2-gazebo-simulation-tutorial-series/ros2_ws/build/amr_description
[1.037s] Invoked command in '/home/void/ros2-gazebo-simulation-tutorial-series/ros2_ws/build/amr_description' returned '0': CMAKE_PREFIX_PATH=${CMAKE_PREFIX_PATH}:/opt/ros/jazzy DEBUGINFOD_URLS=https://debuginfod.ubuntu.com /usr/bin/cmake /home/void/ros2-gazebo-simulation-tutorial-series/ros2_ws/src/amr_description -DCMAKE_INSTALL_PREFIX=/home/void/ros2-gazebo-simulation-tutorial-series/ros2_ws/install/amr_description
[1.037s] Invoking command in '/home/void/ros2-gazebo-simulation-tutorial-series/ros2_ws/build/amr_description': CMAKE_PREFIX_PATH=${CMAKE_PREFIX_PATH}:/opt/ros/jazzy DEBUGINFOD_URLS=https://debuginfod.ubuntu.com /usr/bin/cmake --build /home/void/ros2-gazebo-simulation-tutorial-series/ros2_ws/build/amr_description -- -j14 -l14
[1.109s] Invoked command in '/home/void/ros2-gazebo-simulation-tutorial-series/ros2_ws/build/amr_description' returned '0': CMAKE_PREFIX_PATH=${CMAKE_PREFIX_PATH}:/opt/ros/jazzy DEBUGINFOD_URLS=https://debuginfod.ubuntu.com /usr/bin/cmake --build /home/void/ros2-gazebo-simulation-tutorial-series/ros2_ws/build/amr_description -- -j14 -l14
[1.129s] Invoking command in '/home/void/ros2-gazebo-simulation-tutorial-series/ros2_ws/build/amr_description': CMAKE_PREFIX_PATH=${CMAKE_PREFIX_PATH}:/opt/ros/jazzy DEBUGINFOD_URLS=https://debuginfod.ubuntu.com /usr/bin/cmake --install /home/void/ros2-gazebo-simulation-tutorial-series/ros2_ws/build/amr_description
[1.142s] -- Install configuration: ""
[1.142s] -- Installing: /home/void/ros2-gazebo-simulation-tutorial-series/ros2_ws/install/amr_description/share/ament_index/resource_index/package_run_dependencies/amr_description
[1.142s] -- Installing: /home/void/ros2-gazebo-simulation-tutorial-series/ros2_ws/install/amr_description/share/ament_index/resource_index/parent_prefix_path/amr_description
[1.142s] -- Installing: /home/void/ros2-gazebo-simulation-tutorial-series/ros2_ws/install/amr_description/share/amr_description/environment/ament_prefix_path.sh
[1.143s] -- Installing: /home/void/ros2-gazebo-simulation-tutorial-series/ros2_ws/install/amr_description/share/amr_description/environment/ament_prefix_path.dsv
[1.143s] -- Installing: /home/void/ros2-gazebo-simulation-tutorial-series/ros2_ws/install/amr_description/share/amr_description/environment/path.sh
[1.143s] -- Installing: /home/void/ros2-gazebo-simulation-tutorial-series/ros2_ws/install/amr_description/share/amr_description/environment/path.dsv
[1.143s] -- Installing: /home/void/ros2-gazebo-simulation-tutorial-series/ros2_ws/install/amr_description/share/amr_description/local_setup.bash
[1.143s] -- Installing: /home/void/ros2-gazebo-simulation-tutorial-series/ros2_ws/install/amr_description/share/amr_description/local_setup.sh
[1.143s] -- Installing: /home/void/ros2-gazebo-simulation-tutorial-series/ros2_ws/install/amr_description/share/amr_description/local_setup.zsh
[1.143s] -- Installing: /home/void/ros2-gazebo-simulation-tutorial-series/ros2_ws/install/amr_description/share/amr_description/local_setup.dsv
[1.143s] -- Installing: /home/void/ros2-gazebo-simulation-tutorial-series/ros2_ws/install/amr_description/share/amr_description/package.dsv
[1.143s] -- Installing: /home/void/ros2-gazebo-simulation-tutorial-series/ros2_ws/install/amr_description/share/ament_index/resource_index/packages/amr_description
[1.143s] -- Installing: /home/void/ros2-gazebo-simulation-tutorial-series/ros2_ws/install/amr_description/share/amr_description/cmake/amr_descriptionConfig.cmake
[1.143s] -- Installing: /home/void/ros2-gazebo-simulation-tutorial-series/ros2_ws/install/amr_description/share/amr_description/cmake/amr_descriptionConfig-version.cmake
[1.144s] -- Installing: /home/void/ros2-gazebo-simulation-tutorial-series/ros2_ws/install/amr_description/share/amr_description/package.xml
[1.146s] Invoked command in '/home/void/ros2-gazebo-simulation-tutorial-series/ros2_ws/build/amr_description' returned '0': CMAKE_PREFIX_PATH=${CMAKE_PREFIX_PATH}:/opt/ros/jazzy DEBUGINFOD_URLS=https://debuginfod.ubuntu.com /usr/bin/cmake --install /home/void/ros2-gazebo-simulation-tutorial-series/ros2_ws/build/amr_description
