[0.019s] Invoking command in '/home/sam/amr-simulation/ros2_ws/build/amr_description': CMAKE_PREFIX_PATH=${CMAKE_PREFIX_PATH}:/opt/ros/jazzy DEBUGINFOD_URLS=https://debuginfod.ubuntu.com /usr/bin/cmake --build /home/sam/amr-simulation/ros2_ws/build/amr_description -- -j14 -l14
[0.059s] -- Found ament_cmake: 2.5.6 (/opt/ros/jazzy/share/ament_cmake/cmake)
[0.401s] -- Found ament_lint_auto: 0.17.5 (/opt/ros/jazzy/share/ament_lint_auto/cmake)
[0.559s] -- Added test 'flake8' to check Python code syntax and style conventions
[0.559s] -- Configured 'flake8' exclude dirs and/or files: 
[0.560s] -- Added test 'lint_cmake' to check CMake code style
[0.561s] -- Added test 'pep257' to check Python code against some of the docstring style conventions in PEP 257
[0.563s] -- Added test 'xmllint' to check XML markup files
[0.564s] -- Configuring done (0.5s)
[0.572s] -- Generating done (0.0s)
[0.576s] -- Build files have been written to: /home/sam/amr-simulation/ros2_ws/build/amr_description
[0.617s] Invoked command in '/home/sam/amr-simulation/ros2_ws/build/amr_description' returned '0': CMAKE_PREFIX_PATH=${CMAKE_PREFIX_PATH}:/opt/ros/jazzy DEBUGINFOD_URLS=https://debuginfod.ubuntu.com /usr/bin/cmake --build /home/sam/amr-simulation/ros2_ws/build/amr_description -- -j14 -l14
[0.637s] Invoking command in '/home/sam/amr-simulation/ros2_ws/build/amr_description': CMAKE_PREFIX_PATH=${CMAKE_PREFIX_PATH}:/opt/ros/jazzy DEBUGINFOD_URLS=https://debuginfod.ubuntu.com /usr/bin/cmake --install /home/sam/amr-simulation/ros2_ws/build/amr_description
[0.651s] -- Install configuration: ""
[0.652s] -- Up-to-date: /home/sam/amr-simulation/ros2_ws/install/amr_description/share/ament_index/resource_index/package_run_dependencies/amr_description
[0.652s] -- Up-to-date: /home/sam/amr-simulation/ros2_ws/install/amr_description/share/ament_index/resource_index/parent_prefix_path/amr_description
[0.652s] -- Up-to-date: /home/sam/amr-simulation/ros2_ws/install/amr_description/share/amr_description/environment/ament_prefix_path.sh
[0.652s] -- Up-to-date: /home/sam/amr-simulation/ros2_ws/install/amr_description/share/amr_description/environment/ament_prefix_path.dsv
[0.652s] -- Up-to-date: /home/sam/amr-simulation/ros2_ws/install/amr_description/share/amr_description/environment/path.sh
[0.652s] -- Up-to-date: /home/sam/amr-simulation/ros2_ws/install/amr_description/share/amr_description/environment/path.dsv
[0.653s] -- Up-to-date: /home/sam/amr-simulation/ros2_ws/install/amr_description/share/amr_description/local_setup.bash
[0.653s] -- Up-to-date: /home/sam/amr-simulation/ros2_ws/install/amr_description/share/amr_description/local_setup.sh
[0.653s] -- Up-to-date: /home/sam/amr-simulation/ros2_ws/install/amr_description/share/amr_description/local_setup.zsh
[0.653s] -- Up-to-date: /home/sam/amr-simulation/ros2_ws/install/amr_description/share/amr_description/local_setup.dsv
[0.653s] -- Up-to-date: /home/sam/amr-simulation/ros2_ws/install/amr_description/share/amr_description/package.dsv
[0.653s] -- Up-to-date: /home/sam/amr-simulation/ros2_ws/install/amr_description/share/ament_index/resource_index/packages/amr_description
[0.654s] -- Up-to-date: /home/sam/amr-simulation/ros2_ws/install/amr_description/share/amr_description/cmake/amr_descriptionConfig.cmake
[0.654s] -- Up-to-date: /home/sam/amr-simulation/ros2_ws/install/amr_description/share/amr_description/cmake/amr_descriptionConfig-version.cmake
[0.654s] -- Installing: /home/sam/amr-simulation/ros2_ws/install/amr_description/share/amr_description/package.xml
[0.654s] -- Up-to-date: /home/sam/amr-simulation/ros2_ws/install/amr_description/share/amr_description/launch
[0.654s] -- Installing: /home/sam/amr-simulation/ros2_ws/install/amr_description/share/amr_description/launch/display.launch.py
[0.654s] -- Up-to-date: /home/sam/amr-simulation/ros2_ws/install/amr_description/share/amr_description/urdf
[0.654s] -- Up-to-date: /home/sam/amr-simulation/ros2_ws/install/amr_description/share/amr_description/urdf/amr.xacro
[0.655s] -- Up-to-date: /home/sam/amr-simulation/ros2_ws/install/amr_description/share/amr_description/urdf/gazebo.xacro
[0.655s] -- Up-to-date: /home/sam/amr-simulation/ros2_ws/install/amr_description/share/amr_description/urdf/amr.urdf
[0.655s] -- Up-to-date: /home/sam/amr-simulation/ros2_ws/install/amr_description/share/amr_description/urdf/materials.xacro
[0.656s] -- Up-to-date: /home/sam/amr-simulation/ros2_ws/install/amr_description/share/amr_description/meshes
[0.656s] -- Up-to-date: /home/sam/amr-simulation/ros2_ws/install/amr_description/share/amr_description/meshes/r_wheel_link_2.stl
[0.656s] -- Up-to-date: /home/sam/amr-simulation/ros2_ws/install/amr_description/share/amr_description/meshes/r_wheel_link_1.stl
[0.657s] -- Up-to-date: /home/sam/amr-simulation/ros2_ws/install/amr_description/share/amr_description/meshes/l_wheel_link_2.stl
[0.658s] -- Up-to-date: /home/sam/amr-simulation/ros2_ws/install/amr_description/share/amr_description/meshes/l_wheel_link_1.stl
[0.658s] -- Up-to-date: /home/sam/amr-simulation/ros2_ws/install/amr_description/share/amr_description/meshes/base_link.stl
[0.659s] Invoked command in '/home/sam/amr-simulation/ros2_ws/build/amr_description' returned '0': CMAKE_PREFIX_PATH=${CMAKE_PREFIX_PATH}:/opt/ros/jazzy DEBUGINFOD_URLS=https://debuginfod.ubuntu.com /usr/bin/cmake --install /home/sam/amr-simulation/ros2_ws/build/amr_description
