[0.023s] Invoking command in '/home/sam/amr-simulation/ros2_ws/build/amr_description': CMAKE_PREFIX_PATH=${CMAKE_PREFIX_PATH}:/opt/ros/jazzy DEBUGINFOD_URLS=https://debuginfod.ubuntu.com /usr/bin/cmake --build /home/sam/amr-simulation/ros2_ws/build/amr_description -- -j14 -l14
[0.104s] Invoked command in '/home/sam/amr-simulation/ros2_ws/build/amr_description' returned '0': CMAKE_PREFIX_PATH=${CMAKE_PREFIX_PATH}:/opt/ros/jazzy DEBUGINFOD_URLS=https://debuginfod.ubuntu.com /usr/bin/cmake --build /home/sam/amr-simulation/ros2_ws/build/amr_description -- -j14 -l14
[0.125s] Invoking command in '/home/sam/amr-simulation/ros2_ws/build/amr_description': CMAKE_PREFIX_PATH=${CMAKE_PREFIX_PATH}:/opt/ros/jazzy DEBUGINFOD_URLS=https://debuginfod.ubuntu.com /usr/bin/cmake --install /home/sam/amr-simulation/ros2_ws/build/amr_description
[0.142s] -- Install configuration: ""
[0.143s] -- Up-to-date: /home/sam/amr-simulation/ros2_ws/install/amr_description/share/ament_index/resource_index/package_run_dependencies/amr_description
[0.143s] -- Up-to-date: /home/sam/amr-simulation/ros2_ws/install/amr_description/share/ament_index/resource_index/parent_prefix_path/amr_description
[0.143s] -- Up-to-date: /home/sam/amr-simulation/ros2_ws/install/amr_description/share/amr_description/environment/ament_prefix_path.sh
[0.143s] -- Up-to-date: /home/sam/amr-simulation/ros2_ws/install/amr_description/share/amr_description/environment/ament_prefix_path.dsv
[0.144s] -- Up-to-date: /home/sam/amr-simulation/ros2_ws/install/amr_description/share/amr_description/environment/path.sh
[0.144s] -- Up-to-date: /home/sam/amr-simulation/ros2_ws/install/amr_description/share/amr_description/environment/path.dsv
[0.144s] -- Up-to-date: /home/sam/amr-simulation/ros2_ws/install/amr_description/share/amr_description/local_setup.bash
[0.144s] -- Up-to-date: /home/sam/amr-simulation/ros2_ws/install/amr_description/share/amr_description/local_setup.sh
[0.144s] -- Up-to-date: /home/sam/amr-simulation/ros2_ws/install/amr_description/share/amr_description/local_setup.zsh
[0.144s] -- Up-to-date: /home/sam/amr-simulation/ros2_ws/install/amr_description/share/amr_description/local_setup.dsv
[0.145s] -- Installing: /home/sam/amr-simulation/ros2_ws/install/amr_description/share/amr_description/package.dsv
[0.145s] -- Up-to-date: /home/sam/amr-simulation/ros2_ws/install/amr_description/share/ament_index/resource_index/packages/amr_description
[0.145s] -- Up-to-date: /home/sam/amr-simulation/ros2_ws/install/amr_description/share/amr_description/cmake/amr_descriptionConfig.cmake
[0.145s] -- Up-to-date: /home/sam/amr-simulation/ros2_ws/install/amr_description/share/amr_description/cmake/amr_descriptionConfig-version.cmake
[0.145s] -- Up-to-date: /home/sam/amr-simulation/ros2_ws/install/amr_description/share/amr_description/package.xml
[0.145s] -- Up-to-date: /home/sam/amr-simulation/ros2_ws/install/amr_description/share/amr_description/launch
[0.145s] -- Up-to-date: /home/sam/amr-simulation/ros2_ws/install/amr_description/share/amr_description/launch/display.launch.py
[0.146s] -- Up-to-date: /home/sam/amr-simulation/ros2_ws/install/amr_description/share/amr_description/urdf
[0.146s] -- Up-to-date: /home/sam/amr-simulation/ros2_ws/install/amr_description/share/amr_description/urdf/amr.xacro
[0.146s] -- Up-to-date: /home/sam/amr-simulation/ros2_ws/install/amr_description/share/amr_description/urdf/gazebo.xacro
[0.146s] -- Installing: /home/sam/amr-simulation/ros2_ws/install/amr_description/share/amr_description/urdf/amr.urdf
[0.146s] -- Up-to-date: /home/sam/amr-simulation/ros2_ws/install/amr_description/share/amr_description/urdf/materials.xacro
[0.146s] -- Up-to-date: /home/sam/amr-simulation/ros2_ws/install/amr_description/share/amr_description/meshes
[0.146s] -- Up-to-date: /home/sam/amr-simulation/ros2_ws/install/amr_description/share/amr_description/meshes/camera_link.stl
[0.146s] -- Up-to-date: /home/sam/amr-simulation/ros2_ws/install/amr_description/share/amr_description/meshes/b_wheel_l.stl
[0.147s] -- Up-to-date: /home/sam/amr-simulation/ros2_ws/install/amr_description/share/amr_description/meshes/lidar_link.stl
[0.147s] -- Up-to-date: /home/sam/amr-simulation/ros2_ws/install/amr_description/share/amr_description/meshes/b_wheel_r.stl
[0.147s] -- Up-to-date: /home/sam/amr-simulation/ros2_ws/install/amr_description/share/amr_description/meshes/f_wheel_r.stl
[0.147s] -- Up-to-date: /home/sam/amr-simulation/ros2_ws/install/amr_description/share/amr_description/meshes/base_link.stl
[0.148s] -- Up-to-date: /home/sam/amr-simulation/ros2_ws/install/amr_description/share/amr_description/meshes/f_wheel_l.stl
[0.149s] Invoked command in '/home/sam/amr-simulation/ros2_ws/build/amr_description' returned '0': CMAKE_PREFIX_PATH=${CMAKE_PREFIX_PATH}:/opt/ros/jazzy DEBUGINFOD_URLS=https://debuginfod.ubuntu.com /usr/bin/cmake --install /home/sam/amr-simulation/ros2_ws/build/amr_description
